<?xml version="1.0" encoding="UTF-8"?>
<testng-results ignored="0" total="1" passed="1" failed="0" skipped="0">
  <reporter-output>
  </reporter-output>
  <suite started-at="2021-04-25T23:46:43 EDT" name="Default suite" finished-at="2021-04-25T23:47:05 EDT" duration-ms="21826">
    <groups>
    </groups>
    <test started-at="2021-04-25T23:46:43 EDT" name="Default test" finished-at="2021-04-25T23:47:05 EDT" duration-ms="21826">
      <class name="wrapper.CreateLead">
        <test-method is-config="true" signature="login()[pri:0, instance:wrapper.CreateLead@623a8092]" started-at="2021-04-25T23:46:43 EDT" name="login" finished-at="2021-04-25T23:46:55 EDT" duration-ms="12172" status="PASS">
          <reporter-output>
          </reporter-output>
        </test-method> <!-- login -->
        <test-method signature="createLead()[pri:0, instance:wrapper.CreateLead@623a8092]" started-at="2021-04-25T23:46:55 EDT" name="createLead" finished-at="2021-04-25T23:47:04 EDT" duration-ms="9510" status="PASS">
          <reporter-output>
          </reporter-output>
        </test-method> <!-- createLead -->
        <test-method is-config="true" signature="closeBrowser()[pri:0, instance:wrapper.CreateLead@623a8092]" started-at="2021-04-25T23:47:04 EDT" name="closeBrowser" finished-at="2021-04-25T23:47:05 EDT" duration-ms="85" status="PASS">
          <reporter-output>
          </reporter-output>
        </test-method> <!-- closeBrowser -->
      </class> <!-- wrapper.CreateLead -->
    </test> <!-- Default test -->
  </suite> <!-- Default suite -->
</testng-results>
